2024-02-13 00:50:57,219 - DEBUG - This is a debug message
2024-02-13 00:50:57,219 - INFO - This is an info message
2024-02-13 00:50:57,220 - WARNING - This is a warning message
2024-02-13 00:50:57,220 - ERROR - This is an error message
2024-02-13 00:50:57,220 - CRITICAL - This is a critical message
2024-02-13 00:50:59,564 - DEBUG - This is a debug message
2024-02-13 00:50:59,565 - INFO - This is an info message
2024-02-13 00:50:59,565 - WARNING - This is a warning message
2024-02-13 00:50:59,565 - ERROR - This is an error message
2024-02-13 00:50:59,565 - CRITICAL - This is a critical message
[36m2024-02-13 00:53:53 - DEBUG - This is a debug message[0m
[32m2024-02-13 00:53:53 - INFO - This is an info message[0m
[33m2024-02-13 00:53:53 - WARNING - This is a warning message[0m
[31m2024-02-13 00:53:53 - ERROR - This is an error message[0m
[31m[47m2024-02-13 00:53:53 - CRITICAL - This is a critical message[0m
2024-02-13 00:56:16 - [36mDEBUG[0m - This is a debug message[0m
2024-02-13 00:56:16 - [32mINFO[0m - This is an info message[0m
2024-02-13 00:56:16 - [33mWARNING[0m - This is a warning message[0m
2024-02-13 00:56:16 - [31mERROR[0m - This is an error message[0m
2024-02-13 00:56:16 - [31m[47mCRITICAL[0m - This is a critical message[0m
